# JRE version: OpenJDK Runtime Environment (8.0_112-b06) (build 1.8.0_112-release-b06)
# Java VM: OpenJDK 64-Bit Server VM (25.112-b06 mixed mode windows-amd64 compressed oops)
Heap:
 PSYoungGen      total 485376K, used 411293K [0x00000000e0000000, 0x00000000ffe80000, 0x0000000100000000)
  eden space 450048K, 90% used [0x00000000e0000000,0x00000000f8d0f158,0x00000000fb780000)
  from space 35328K, 13% used [0x00000000fdc00000,0x00000000fe098680,0x00000000ffe80000)
  to   space 36352K, 0% used [0x00000000fb780000,0x00000000fb780000,0x00000000fdb00000)
 ParOldGen       total 239616K, used 76926K [0x00000000a0000000, 0x00000000aea00000, 0x00000000e0000000)
  object space 239616K, 32% used [0x00000000a0000000,0x00000000a4b1f9d8,0x00000000aea00000)
 Metaspace       used 80044K, capacity 84690K, committed 84992K, reserved 1124352K
  class space    used 10192K, capacity 10886K, committed 11008K, reserved 1048576K
GC Heap History (10 events):
Event: 1575.893 GC heap before
{Heap before GC invocations=15 (full 3):
 PSYoungGen      total 264192K, used 238541K [0x00000000e0000000, 0x00000000f9b00000, 0x0000000100000000)
  eden space 235520K, 100% used [0x00000000e0000000,0x00000000ee600000,0x00000000ee600000)
  from space 28672K, 10% used [0x00000000ee600000,0x00000000ee8f34b0,0x00000000f0200000)
  to   space 28672K, 0% used [0x00000000f7f00000,0x00000000f7f00000,0x00000000f9b00000)
 ParOldGen       total 239616K, used 43984K [0x00000000a0000000, 0x00000000aea00000, 0x00000000e0000000)
  object space 239616K, 18% used [0x00000000a0000000,0x00000000a2af4178,0x00000000aea00000)
 Metaspace       used 67784K, capacity 70772K, committed 71040K, reserved 1110016K
  class space    used 8906K, capacity 9479K, committed 9600K, reserved 1048576K
Event: 1575.940 GC heap after
Heap after GC invocations=15 (full 3):
 PSYoungGen      total 382464K, used 28647K [0x00000000e0000000, 0x00000000faa80000, 0x0000000100000000)
  eden space 353792K, 0% used [0x00000000e0000000,0x00000000e0000000,0x00000000f5980000)
  from space 28672K, 99% used [0x00000000f7f00000,0x00000000f9af9c88,0x00000000f9b00000)
  to   space 38400K, 0% used [0x00000000f5980000,0x00000000f5980000,0x00000000f7f00000)
 ParOldGen       total 239616K, used 57883K [0x00000000a0000000, 0x00000000aea00000, 0x00000000e0000000)
  object space 239616K, 24% used [0x00000000a0000000,0x00000000a3886ed8,0x00000000aea00000)
 Metaspace       used 67784K, capacity 70772K, committed 71040K, reserved 1110016K
  class space    used 8906K, capacity 9479K, committed 9600K, reserved 1048576K
}
Event: 2762.364 GC heap before
{Heap before GC invocations=16 (full 3):
 PSYoungGen      total 382464K, used 382439K [0x00000000e0000000, 0x00000000faa80000, 0x0000000100000000)
  eden space 353792K, 100% used [0x00000000e0000000,0x00000000f5980000,0x00000000f5980000)
  from space 28672K, 99% used [0x00000000f7f00000,0x00000000f9af9c88,0x00000000f9b00000)
  to   space 38400K, 0% used [0x00000000f5980000,0x00000000f5980000,0x00000000f7f00000)
 ParOldGen       total 239616K, used 57883K [0x00000000a0000000, 0x00000000aea00000, 0x00000000e0000000)
  object space 239616K, 24% used [0x00000000a0000000,0x00000000a3886ed8,0x00000000aea00000)
 Metaspace       used 70719K, capacity 74042K, committed 74240K, reserved 1114112K
  class space    used 9250K, capacity 9890K, committed 9984K, reserved 1048576K
Event: 2762.385 GC heap after
Heap after GC invocations=16 (full 3):
 PSYoungGen      total 392192K, used 9065K [0x00000000e0000000, 0x0000000100000000, 0x0000000100000000)
  eden space 353792K, 0% used [0x00000000e0000000,0x00000000e0000000,0x00000000f5980000)
  from space 38400K, 23% used [0x00000000f5980000,0x00000000f625a6e8,0x00000000f7f00000)
  to   space 37376K, 0% used [0x00000000fdb80000,0x00000000fdb80000,0x0000000100000000)
 ParOldGen       total 239616K, used 68135K [0x00000000a0000000, 0x00000000aea00000, 0x00000000e0000000)
  object space 239616K, 28% used [0x00000000a0000000,0x00000000a4289d58,0x00000000aea00000)
 Metaspace       used 70719K, capacity 74042K, committed 74240K, reserved 1114112K
  class space    used 9250K, capacity 9890K, committed 9984K, reserved 1048576K
}
Event: 2768.296 GC heap before
{Heap before GC invocations=17 (full 3):
 PSYoungGen      total 392192K, used 362857K [0x00000000e0000000, 0x0000000100000000, 0x0000000100000000)
  eden space 353792K, 100% used [0x00000000e0000000,0x00000000f5980000,0x00000000f5980000)
  from space 38400K, 23% used [0x00000000f5980000,0x00000000f625a6e8,0x00000000f7f00000)
  to   space 37376K, 0% used [0x00000000fdb80000,0x00000000fdb80000,0x0000000100000000)
 ParOldGen       total 239616K, used 68135K [0x00000000a0000000, 0x00000000aea00000, 0x00000000e0000000)
  object space 239616K, 28% used [0x00000000a0000000,0x00000000a4289d58,0x00000000aea00000)
 Metaspace       used 72414K, capacity 75958K, committed 76160K, reserved 1116160K
  class space    used 9359K, capacity 9994K, committed 10112K, reserved 1048576K
Event: 2768.339 GC heap after
Heap after GC invocations=17 (full 3):
 PSYoungGen      total 484864K, used 21497K [0x00000000e0000000, 0x00000000fff00000, 0x0000000100000000)
  eden space 448512K, 0% used [0x00000000e0000000,0x00000000e0000000,0x00000000fb600000)
  from space 36352K, 59% used [0x00000000fdb80000,0x00000000ff07e520,0x00000000fff00000)
  to   space 37376K, 0% used [0x00000000fb600000,0x00000000fb600000,0x00000000fda80000)
 ParOldGen       total 239616K, used 74918K [0x00000000a0000000, 0x00000000aea00000, 0x00000000e0000000)
  object space 239616K, 31% used [0x00000000a0000000,0x00000000a4929978,0x00000000aea00000)
 Metaspace       used 72414K, capacity 75958K, committed 76160K, reserved 1116160K
  class space    used 9359K, capacity 9994K, committed 10112K, reserved 1048576K
}
Event: 2935.552 GC heap before
{Heap before GC invocations=18 (full 3):
 PSYoungGen      total 484864K, used 470009K [0x00000000e0000000, 0x00000000fff00000, 0x0000000100000000)
  eden space 448512K, 100% used [0x00000000e0000000,0x00000000fb600000,0x00000000fb600000)
  from space 36352K, 59% used [0x00000000fdb80000,0x00000000ff07e520,0x00000000fff00000)
  to   space 37376K, 0% used [0x00000000fb600000,0x00000000fb600000,0x00000000fda80000)
 ParOldGen       total 239616K, used 74918K [0x00000000a0000000, 0x00000000aea00000, 0x00000000e0000000)
  object space 239616K, 31% used [0x00000000a0000000,0x00000000a4929978,0x00000000aea00000)
 Metaspace       used 73181K, capacity 77166K, committed 77184K, reserved 1116160K
  class space    used 9427K, capacity 10102K, committed 10112K, reserved 1048576K
Event: 2935.563 GC heap after
Heap after GC invocations=18 (full 3):
 PSYoungGen      total 485888K, used 7050K [0x00000000e0000000, 0x0000000100000000, 0x0000000100000000)
  eden space 448512K, 0% used [0x00000000e0000000,0x00000000e0000000,0x00000000fb600000)
  from space 37376K, 18% used [0x00000000fb600000,0x00000000fbce2818,0x00000000fda80000)
  to   space 36864K, 0% used [0x00000000fdc00000,0x00000000fdc00000,0x0000000100000000)
 ParOldGen       total 239616K, used 75918K [0x00000000a0000000, 0x00000000aea00000, 0x00000000e0000000)
  object space 239616K, 31% used [0x00000000a0000000,0x00000000a4a239a8,0x00000000aea00000)
 Metaspace       used 73181K, capacity 77166K, committed 77184K, reserved 1116160K
  class space    used 9427K, capacity 10102K, committed 10112K, reserved 1048576K
}
Event: 3173.228 GC heap before
{Heap before GC invocations=19 (full 3):
 PSYoungGen      total 485888K, used 455562K [0x00000000e0000000, 0x0000000100000000, 0x0000000100000000)
  eden space 448512K, 100% used [0x00000000e0000000,0x00000000fb600000,0x00000000fb600000)
  from space 37376K, 18% used [0x00000000fb600000,0x00000000fbce2818,0x00000000fda80000)
  to   space 36864K, 0% used [0x00000000fdc00000,0x00000000fdc00000,0x0000000100000000)
 ParOldGen       total 239616K, used 75918K [0x00000000a0000000, 0x00000000aea00000, 0x00000000e0000000)
  object space 239616K, 31% used [0x00000000a0000000,0x00000000a4a239a8,0x00000000aea00000)
 Metaspace       used 73531K, capacity 77640K, committed 77824K, reserved 1116160K
  class space    used 9445K, capacity 10121K, committed 10240K, reserved 1048576K
Event: 3173.241 GC heap after
Heap after GC invocations=19 (full 3):
 PSYoungGen      total 485376K, used 4705K [0x00000000e0000000, 0x00000000ffe80000, 0x0000000100000000)
  eden space 450048K, 0% used [0x00000000e0000000,0x00000000e0000000,0x00000000fb780000)
  from space 35328K, 13% used [0x00000000fdc00000,0x00000000fe098680,0x00000000ffe80000)
  to   space 36352K, 0% used [0x00000000fb780000,0x00000000fb780000,0x00000000fdb00000)
 ParOldGen       total 239616K, used 76926K [0x00000000a0000000, 0x00000000aea00000, 0x00000000e0000000)
  object space 239616K, 32% used [0x00000000a0000000,0x00000000a4b1f9d8,0x00000000aea00000)
 Metaspace       used 73531K, capacity 77640K, committed 77824K, reserved 1116160K
  class space    used 9445K, capacity 10121K, committed 10240K, reserved 1048576K
}

